1000000	973625	957901	944547	932727	921674	911407	901477	892153	883186	874312	865985	857926	850410	842857	835786	
1000000	973718	957959	944643	932553	921461	911096	901304	891798	882931	874208	865763	857841	850300	843041	836168	
1000000	973549	957647	944103	931948	921061	910848	901101	891703	882589	873946	865611	857487	849977	842553	835487	
1000000	973679	957790	944292	932425	921446	911013	901177	891841	882900	874247	865980	858086	850407	843133	836279	
1000000	973770	957996	944644	932778	921769	911386	901541	892176	883138	874420	866122	858113	850489	843058	835881	
1000000	973578	957885	944550	932512	921518	911028	901323	891811	882800	874098	865832	857848	850201	842881	835845	
1000000	973747	957874	944468	932553	921576	911161	901453	892099	883000	874194	865742	857836	850270	842906	835862	
1000000	973969	958069	944643	932607	921525	911252	901432	891988	883071	874104	865906	858023	850337	843063	836028	
1000000	973702	957873	944346	932320	921416	911180	901246	891818	882788	874187	865744	857815	850145	842734	835578	
1000000	973913	958239	944886	932839	921710	911217	901352	891745	882733	874237	865762	857862	850303	842897	835796	
1000000	973539	957792	944572	932765	921570	911226	901310	891975	883002	874212	865765	857815	850243	842966	835872	
1000000	973876	958042	944583	932632	921497	911117	901409	892036	883094	874239	866037	858139	850566	843241	836108	
1000000	973695	957978	944626	932525	921428	911002	901134	891831	882657	874098	865821	858011	850373	843032	835982	
1000000	974052	958203	944862	932543	921498	911258	901493	892032	882970	874250	866000	858013	850185	842829	835864	
1000000	973875	958097	944619	932254	921314	910868	901190	891762	882851	874097	865793	857873	850242	842898	836024	
1000000	973611	957960	944590	932507	921565	910969	900964	891725	882806	874027	865769	857867	850120	842722	835714	
1000000	973905	958118	944792	932912	921825	911480	901689	892327	883290	874497	866181	858145	850514	843153	836207	
1000000	973661	957797	944546	932563	921337	910917	901093	891683	882601	874055	865817	857718	850079	842795	835782	
1000000	973835	957922	944598	932547	921645	911177	901568	892138	883093	874641	866230	858239	850660	843440	836376	
1000000	973826	957970	944376	932432	921456	910900	901003	891728	882791	874264	865936	857897	850149	842812	835765	
1000000	973546	957691	944147	932264	921114	910900	901050	891568	882621	873951	865646	857676	850183	842782	835729	
1000000	973859	958047	944793	932894	921747	911304	901297	892134	883233	874547	866138	858211	850519	843119	836110	
1000000	973856	957980	944494	932578	921452	911278	901457	891955	883045	874222	865981	858179	850539	843155	835867	
1000000	973690	957883	944507	932442	921468	911205	901395	891931	882874	874224	865805	857960	850342	843160	836050	
1000000	973570	957670	944191	932257	921167	910756	900798	891437	882435	873830	865620	857794	850212	842985	835788	
1000000	973802	958062	944683	932894	921923	911670	901827	892525	883626	874960	866612	858552	851011	843788	836859	
1000000	973879	958106	944591	932569	921284	911004	901239	892194	883137	874420	866042	857985	850448	842964	835943	
1000000	973783	957815	944727	932885	921960	911562	901696	892275	883195	874558	866224	858244	850604	843354	836350	
1000000	973635	957859	944416	932467	921366	911051	901209	891753	882675	874039	865644	857682	850085	842854	835759	
1000000	973930	958127	944630	932599	921462	911068	901370	892099	883185	874543	866267	858464	850847	843642	836407	
1000000	973700	957768	944369	932367	921285	910849	901081	891745	882572	873862	865604	857561	849862	842525	835498	
1000000	973481	957691	944344	932388	921445	911066	901257	891797	882861	874107	865634	857703	850158	842951	835869	
1000000	973775	958056	944612	932841	921930	911505	901712	892406	883389	874693	866264	858476	850818	843565	836366	
1000000	974051	958240	944840	932850	921821	911280	901492	891980	883106	874438	866032	857970	850356	842920	835746	
1000000	974035	957987	944867	932922	921837	911531	901574	892150	883192	874366	866094	858090	850443	843114	836033	
1000000	973675	957786	944505	932311	921218	911184	901354	892106	882946	874262	866090	858121	850506	843254	836122	
1000000	973737	958016	944690	932624	921616	911383	901495	892146	883075	874327	866059	858034	850432	843063	835918	
1000000	973628	957807	944526	932391	921435	911042	901342	891940	882862	874040	865628	857579	849944	842632	835414	
1000000	973614	957572	944309	932258	921312	910797	901148	891776	882735	874026	865739	857812	850210	842937	835784	
1000000	973517	957926	944695	932808	921660	911333	901630	892297	883148	874526	866309	858503	850763	843429	836213	
1000000	973744	957714	944395	932387	921354	911018	901226	891944	883095	874452	866114	858108	850446	843203	836227	
1000000	973597	957757	944421	932460	921591	911175	901320	891818	882795	874065	865747	857761	850152	842824	835706	
1000000	973813	957978	944526	932301	921143	910789	900905	891512	882416	873798	865532	857550	849892	842596	835474	
1000000	973437	957648	944401	932587	921638	911262	901413	891828	882659	874006	865637	857692	850224	842827	835743	
1000000	973678	957684	944217	932170	920948	910734	900711	891280	882453	873761	865441	857397	849787	842405	835302	
1000000	973863	957916	944370	932336	921352	911073	901162	891620	882731	873973	865465	857419	849675	842362	835442	
1000000	973846	958156	944756	932696	921561	911225	901425	892141	883116	874373	865978	858029	850508	843147	835957	
1000000	973777	957948	944581	932640	921541	911212	901377	892062	883177	874424	866158	858207	850607	843369	836305	
1000000	973537	957733	944474	932627	921588	911240	901516	892061	883097	874458	866103	858107	850697	843242	836072	
1000000	973916	957972	944330	932219	921049	910607	900741	891279	882356	873514	865193	857292	849654	842349	835162	
1000000	973561	957698	944388	932251	921456	911195	901370	891933	882963	874264	866016	858244	850663	843259	836199	
1000000	973536	957695	944178	932217	921088	910663	900802	891415	882432	873820	865512	857561	850015	842813	835635	
1000000	973774	957888	944544	932520	921493	911345	901484	892152	882889	874022	865733	857818	850159	842746	835815	
1000000	973487	957718	944417	932430	921432	911071	901238	891757	882629	873882	865660	857783	850068	842800	835692	
1000000	973522	957795	944491	932581	921215	910700	900759	891179	882038	873461	864997	856914	849395	842095	835041	
1000000	973713	957842	944578	932415	921271	911090	901242	891853	882820	874172	865854	857789	850253	842867	835804	
1000000	973619	957885	944470	932576	921683	911437	901733	892333	883266	874570	866333	858313	850659	843256	836192	
1000000	973953	957937	944514	932498	921334	910803	900996	891508	882235	873639	865258	857289	849577	842091	835086	
1000000	973753	957991	944480	932370	921271	910822	901133	891648	882621	873925	865504	857606	850067	842886	835892	
1000000	974040	958372	944967	932966	921847	911506	901748	892334	883185	874443	866059	857954	850285	843066	836101	
1000000	973925	957793	944460	932364	921313	910975	901161	891686	882742	874002	865558	857723	850102	842804	835668	
1000000	974025	958209	944844	932875	921906	911562	901819	892580	883392	874781	866594	858823	851169	843642	836418	
1000000	974175	958356	944972	932952	921874	911491	901621	892211	883382	874664	866405	858449	850729	843381	836282	
1000000	973699	957789	944567	932870	921860	911431	901652	892424	883506	874791	866520	858527	850811	843467	836423	
1000000	973600	957839	944558	932483	921301	910926	901117	891825	882828	874269	866042	858332	850514	843161	835990	
1000000	973728	958069	944723	932659	921769	911441	901587	892256	883148	874415	866081	858165	850497	843190	836073	
1000000	973939	958037	944748	932646	921580	911199	901386	892062	882862	874277	865891	857910	850400	843121	836066	
1000000	973971	958242	944891	932579	921484	911250	901395	891983	882804	874137	865842	857823	850307	843034	835989	
1000000	973990	958033	944441	932402	921462	911204	901429	892034	882991	874322	865995	858054	850597	843225	836251	
1000000	973921	958012	944522	932561	921570	911214	901615	892245	883100	874375	866197	858322	850775	843472	836445	
1000000	973784	957855	944510	932506	921631	911170	901342	892043	883014	874324	865973	858144	850514	843157	836184	
1000000	973650	957756	944454	932501	921652	911329	901340	891991	883094	874365	866067	858081	850497	843209	836198	
1000000	973754	957727	944342	932507	921242	910870	901082	891678	882663	873998	865714	857728	850137	842825	835762	
1000000	973924	958027	944369	932354	921324	910768	900819	891428	882331	873632	865237	857401	849847	842444	835437	
1000000	973893	958156	944868	932888	921948	911552	901671	892472	883381	874823	866480	858489	850806	843368	836339	
1000000	973781	957823	944486	932560	921512	911101	901379	891868	882851	874391	866041	858177	850427	843133	836074	
1000000	973643	958119	944885	932877	921808	911337	901696	892308	883335	874671	866471	858438	850809	843452	836273	
1000000	973598	957703	944482	932613	921558	910982	901098	891814	882737	874153	865971	858104	850513	843103	835901	
1000000	973729	957857	944541	932477	921454	910937	901217	891811	882890	874155	865765	857912	850249	843168	836085	
1000000	973765	958291	944878	932825	921915	911691	902028	892579	883382	874795	866202	858190	850640	843156	836186	
1000000	973707	957784	944446	932467	921271	910845	901000	891663	882586	873573	865256	857284	849673	842496	835362	
1000000	973723	957877	944544	932673	921595	911392	901596	892144	883321	874697	866340	858300	850749	843500	836379	
1000000	973762	957816	944564	932738	921819	911480	901576	892334	883493	874757	866444	858502	850852	843468	836242	
1000000	973835	957693	944025	932061	921140	911009	901089	891739	882599	873910	865532	857631	849987	842678	835572	
1000000	973877	958079	944691	932932	922044	911659	901799	892268	883375	874599	866119	858172	850569	843260	836174	
1000000	973753	957838	944444	932319	921225	910978	901126	891869	882883	874293	865891	858095	850477	843161	836134	
1000000	973574	957553	944210	932141	921266	910714	901022	891789	882796	874025	865593	857573	849988	842729	835715	
1000000	973659	958159	944790	932826	921676	911397	901557	892320	883235	874578	866152	858307	850665	843375	836276	
1000000	973851	958182	944723	932794	921938	911540	901866	892570	883464	874819	866544	858575	850869	843493	836337	
1000000	973746	957943	944531	932456	921338	910985	901253	891830	882842	874224	865816	857793	850133	842666	835652	
1000000	973744	957922	944648	932567	921472	911160	901356	891867	882925	874148	865860	857962	850290	843037	836025	
1000000	973543	957797	944255	932564	921502	911139	901336	891939	883015	874281	865818	857982	850402	843196	836145	
1000000	974001	958226	944981	932862	921934	911323	901349	891900	883116	874542	866136	858378	850923	843584	836511	
1000000	974295	958463	944982	932910	921703	911319	901636	892235	883283	874596	866438	858422	850843	843493	836351	
1000000	973754	957772	944437	932368	921254	910924	901207	891779	882737	874124	865797	857802	850231	842808	835716	
1000000	973955	958046	944637	932610	921506	911029	901306	892129	883239	874594	866263	858477	850881	843569	836485	
1000000	973878	957912	944273	932246	921344	911048	901237	891736	882819	873985	865571	857706	850147	842956	835890	
1000000	973937	958232	945054	933148	921997	912001	902302	892970	883702	874967	866642	858698	851026	843706	836593	
1000000	973720	957939	944674	932741	921643	911314	901523	892178	883170	874333	866131	857963	850467	843260	836350	
1000000	974017	958011	944646	932713	921759	911323	901455	892175	883168	874398	865947	857876	850293	842911	835944	
