590499	461964	437250	421891	410941	402334	395438	389592	384718	380525	376789	373616	370828	368462	366293	364441	
589680	461206	436484	421177	409985	401345	394384	388618	383651	379504	375831	372614	369873	367498	365414	363612	
589524	462164	437194	421603	410344	401863	395002	389258	384344	380084	376445	373269	370459	368095	365963	364111	
590772	461830	436910	421387	410396	401853	394847	389057	384176	379994	376350	373200	370469	368050	365961	364165	
587513	461560	436788	421425	410447	401885	394910	389109	384214	379987	376316	373154	370384	367983	365851	363970	
588852	461424	436789	421460	410302	401746	394696	388985	384013	379798	376133	372983	370222	367815	365713	363870	
587823	461689	436816	421386	410357	401811	394819	389103	384213	379960	376251	373031	370297	367914	365800	363954	
587825	461916	436940	421489	410347	401721	394823	389039	384104	379933	376156	373030	370303	367883	365794	363951	
589534	461918	437082	421535	410402	401913	395038	389189	384265	380043	376421	373204	370461	368046	365918	364043	
590130	462075	437493	422136	410972	402307	395258	389451	384431	380218	376639	373410	370677	368296	366168	364307	
591279	461840	437112	421901	410961	402250	395300	389461	384581	380385	376682	373463	370714	368331	366242	364382	
590364	461912	437105	421628	410561	401891	394925	389204	384306	380124	376394	373269	370538	368153	366051	364182	
589351	461605	436967	421605	410386	401747	394751	388940	384079	379790	376184	373030	370328	367923	365816	363968	
588352	461978	437070	421729	410320	401722	394838	389088	384141	379903	376231	373088	370324	367858	365746	363922	
590066	462089	437285	421755	410301	401780	394761	389064	384137	379969	376282	373117	370377	367975	365868	364067	
591273	461740	437184	421797	410602	402081	394964	389069	384238	380067	376371	373224	370490	368052	365928	364091	
589209	461470	436679	421348	410346	401719	394772	389002	384108	379880	376176	373007	370227	367825	365712	363891	
591749	461980	437079	421837	410732	401995	395001	389213	384295	380050	376454	373314	370510	368105	366013	364175	
589395	461844	436838	421507	410336	401841	394809	389150	384221	379990	376431	373228	370464	368079	366006	364155	
588994	461942	437063	421427	410367	401824	394737	388907	384060	379880	376289	373116	370334	367895	365788	363942	
591179	461932	437059	421477	410476	401786	394922	389119	384163	379978	376330	373166	370410	368052	365927	364078	
589789	461639	436816	421573	410562	401880	394868	388967	384178	380016	376357	373151	370409	367987	365864	364027	
589109	462080	437127	421589	410557	401889	395060	389279	384313	380148	376432	373292	370594	368187	366067	364156	
589766	461841	437057	421669	410495	401954	395056	389276	384328	380094	376452	373242	370530	368133	366072	364209	
589262	461608	436627	421126	410069	401433	394442	388579	383686	379476	375854	372727	370018	367631	365556	363670	
588532	461051	436321	420934	410005	401464	394578	388777	383915	379753	376105	372923	370134	367760	365685	363870	
588229	461537	436808	421255	410128	401342	394436	388686	383957	379721	376051	372858	370072	367700	365552	363712	
588967	461324	436268	421211	410241	401736	394754	388942	384017	379773	376136	372961	370200	367794	365713	363878	
590415	461814	437039	421553	410484	401843	394914	389120	384179	379936	376301	373100	370345	367954	365879	364020	
587142	461235	436412	420902	409753	401080	394099	388389	383544	379376	375738	372584	369884	367484	365416	363519	
590300	462326	437302	421890	410770	402139	395129	389377	384498	380208	376541	373393	370610	368186	366079	364239	
592350	462090	437305	421948	410883	402357	395384	389603	384660	380481	376796	373569	370826	368451	366382	364526	
588420	461197	436519	421050	410149	401661	394661	388892	384031	379812	376152	372940	370247	367836	365755	363868	
589080	462289	437446	422025	410929	402343	395265	389496	384527	380377	376725	373521	370733	368336	366201	364319	
590780	462270	437075	421964	410904	402275	395352	389487	384562	380373	376654	373502	370734	368326	366223	364368	
590030	461439	436467	421189	409896	401259	394520	388729	383896	379613	375956	372842	370085	367687	365606	363736	
590642	461829	437167	421819	410650	402073	395197	389374	384487	380243	376560	373409	370634	368240	366125	364252	
589466	461959	437153	421881	410638	402110	395130	389416	384505	380259	376545	373340	370555	368152	366053	364161	
590084	461927	436719	421454	410293	401768	394707	389024	384127	379897	376229	373071	370328	367936	365849	363974	
589532	460954	436480	421273	410257	401579	394643	388931	384053	379772	376141	373010	370310	367873	365768	363877	
588392	461661	436495	421164	410055	401468	394530	388761	383910	379772	376135	372959	370188	367776	365697	363869	
590119	461441	436552	421220	410137	401675	394681	388879	383914	379694	376017	372848	370086	367689	365586	363722	
587818	461804	436916	421441	410120	401437	394481	388654	383749	379493	375863	372715	369953	367542	365447	363580	
588597	461408	436602	421348	410399	401874	394911	389110	384102	379811	376169	372981	370233	367881	365758	363901	
592590	462686	437598	422108	410952	402212	395350	389443	384514	380387	376728	373557	370774	368378	366260	364399	
590914	462752	437660	422078	410935	402381	395484	389648	384663	380504	376817	373575	370791	368353	366253	364439	
589269	461646	436989	421552	410385	401716	394780	389005	384153	379932	376251	373052	370302	367935	365822	363938	
589147	461152	436299	420914	409859	401214	394274	388486	383618	379463	375780	372630	369880	367487	365409	363557	
589019	461033	436184	420927	409957	401361	394414	388683	383741	379548	375911	372726	369961	367626	365487	363608	
590099	462507	437462	421760	410541	401847	394839	389028	384085	379912	376188	373017	370284	367880	365782	363898	
590315	461375	436504	421190	409954	401547	394655	388869	383936	379741	376077	372934	370245	367858	365733	363883	
589897	461637	436773	421218	410134	401470	394467	388659	383753	379552	375926	372759	370010	367635	365567	363686	
589885	462057	437126	421768	410626	402044	395232	389426	384550	380216	376482	373325	370586	368175	366046	364230	
591531	461861	437106	421788	410678	402109	395147	389352	384395	380128	376444	373313	370587	368157	366071	364207	
589120	461802	437119	421810	410781	401930	394871	389017	384009	379735	376122	372898	370101	367734	365639	363790	
589840	462067	437138	421869	410600	401921	395084	389282	384376	380152	376510	373340	370551	368179	366058	364205	
590280	461180	436480	421054	410052	401569	394684	388967	384056	379814	376153	373017	370242	367833	365707	363856	
591076	463028	437867	422411	411284	402594	395520	389744	384783	380448	376829	373634	370878	368450	366302	364466	
589680	461926	437183	421624	410422	401775	394757	389054	384094	379872	376210	373001	370270	367896	365834	364001	
587131	461501	436896	421472	410357	401698	394756	389007	384087	379809	376126	372932	370128	367714	365640	363815	
592668	462890	437529	422206	410999	402397	395453	389675	384726	380544	376863	373646	370936	368537	366442	364571	
587446	461015	436204	420820	409731	401190	394248	388509	383678	379381	375756	372638	369949	367539	365378	363486	
588402	461927	437066	421660	410528	401908	394931	389120	384199	380072	376401	373254	370503	368072	365962	364102	
589342	461217	436238	421043	410211	401629	394621	388861	384039	379870	376200	373049	370282	367852	365743	363898	
592159	461822	437078	421793	410613	401906	394941	389160	384307	380100	376495	373360	370693	368232	366120	364240	
587812	461231	436639	421280	410096	401617	394680	388873	384000	379741	376062	372887	370149	367734	365637	363771	
587811	461826	436819	421542	410335	401720	394744	388965	384091	379790	376176	372981	370222	367857	365768	363918	
590279	461966	437295	421939	410533	401887	395018	389212	384298	380005	376354	373194	370420	368053	365965	364120	
586049	461164	436095	420469	409322	400800	393909	388152	383241	379013	375364	372192	369446	367098	364981	363153	
590184	461860	436867	421337	410259	401704	394748	389096	384199	379923	376248	373133	370411	368034	365938	364098	
590301	461987	436985	421621	410506	402045	395023	389233	384376	380153	376494	373311	370602	368199	366088	364260	
592924	462233	437288	421975	410893	402441	395508	389624	384741	380580	376906	373743	370980	368592	366499	364662	
589203	462009	436853	421437	410477	401710	394743	388978	384063	379848	376201	373044	370281	367891	365792	363941	
590154	462667	437703	421977	410843	402254	395164	389304	384395	380140	376477	373278	370568	368191	366066	364230	
586095	460502	435790	420503	409406	400888	393908	388089	383284	379033	375431	372252	369487	367068	364933	363091	
589698	461577	436553	421206	410166	401569	394577	388853	383882	379663	376102	372921	370200	367760	365666	363817	
591732	461380	437015	421788	410665	402046	395017	389345	384440	380244	376595	373470	370692	368291	366178	364297	
589721	461343	436393	421181	410193	401588	394486	388664	383809	379561	375946	372827	370105	367716	365588	363701	
591515	462080	437160	421837	410664	402079	395015	389290	384375	380203	376525	373329	370611	368198	366165	364309	
590758	461589	437276	421847	410684	402186	395321	389626	384687	380386	376769	373495	370725	368348	366199	364372	
589753	462188	437185	421846	410752	402034	395028	389229	384350	380105	376311	373142	370384	367988	365927	364058	
590408	461748	436827	421475	410475	401852	394998	389230	384291	380163	376531	373345	370564	368189	366108	364242	
589310	461222	436185	420933	409974	401476	394533	388699	383870	379734	376054	372886	370138	367730	365611	363717	
589008	462480	437152	421428	410334	401829	395021	389179	384291	380014	376355	373164	370430	368024	365926	364065	
586296	460944	436114	420701	409808	401338	394359	388553	383570	379413	375717	372486	369737	367344	365246	363389	
591277	462250	437247	421830	410606	401967	395083	389277	384438	380236	376619	373417	370721	368323	366222	364382	
592769	462440	437307	421960	410779	402305	395219	389509	384684	380480	376785	373573	370798	368409	366324	364487	
587283	460731	436360	420973	409902	401216	394312	388511	383680	379432	375784	372573	369860	367455	365362	363502	
587734	461252	436623	421148	410106	401653	394671	388973	384114	379855	376214	373058	370301	367874	365756	363880	
590182	461952	437153	421735	410543	401884	394934	389203	384278	380076	376446	373242	370466	368054	365910	364072	
588989	461675	436853	421563	410376	401737	394809	389035	384073	379889	376193	373035	370304	367888	365804	363967	
592047	461691	436993	421412	410594	401978	395017	389241	384330	380156	376477	373254	370542	368156	366087	364240	
588615	461559	436777	421530	410294	401786	394661	388788	383846	379738	376127	372923	370241	367894	365786	363932	
586163	461346	436495	420966	409788	401062	394089	388389	383477	379290	375632	372524	369752	367366	365256	363384	
589011	462364	437257	421916	410734	402077	395141	389418	384491	380264	376636	373463	370696	368312	366182	364324	
587114	461110	436129	420708	409564	400918	393885	388161	383366	379209	375569	372396	369703	367311	365213	363357	
587560	461956	436899	421209	410073	401584	394671	388892	383924	379754	376032	372826	370105	367727	365662	363809	
589277	461264	436590	421436	410402	401718	395008	389294	384415	380084	376407	373234	370487	368071	365970	364105	
589986	461481	436675	421414	410357	401714	394776	389012	384127	379913	376193	373067	370242	367883	365814	364003	
588844	461981	436846	421461	410401	401873	394859	389044	384194	379982	376289	373069	370278	367891	365771	363946	
