10000
11528.2
13289.9
15320.8
17662.2
20361.3
23472.8
27059.9
31195.2
35962.4
41458.1
47793.6
55097.4
63517.3
73223.9
84413.8
97313.8
112185
129329
149093
171877
198143
228423
263330
303572
349964
403444
465098
536174
618111
712570
821464
946998
1.09172e+06
1.25855e+06
1.45088e+06
1.6726e+06
1.92821e+06
2.22287e+06
2.56257e+06
2.95418e+06
3.40563e+06
3.92607e+06
4.52605e+06
5.21771e+06
6.01508e+06
6.93429e+06
7.99398e+06
9.2156e+06
1.06239e+07
1.22474e+07
1.41191e+07
1.62767e+07
1.87641e+07
2.16316e+07
2.49373e+07
2.87482e+07
3.31415e+07
3.82061e+07
4.40447e+07
5.07756e+07
5.8535e+07
6.74802e+07
7.77925e+07
8.96806e+07
1.03385e+08
1.19185e+08
1.37398e+08
1.58395e+08
1.82601e+08
2.10506e+08
2.42675e+08
2.7976e+08
3.22513e+08
3.71798e+08
4.28616e+08
4.94117e+08
5.69627e+08
6.56676e+08
7.57028e+08
8.72716e+08
1.00608e+09
1.15983e+09
1.33707e+09
1.5414e+09
1.77696e+09
2.04851e+09
2.36156e+09
2.72245e+09
3.13849e+09
3.61811e+09
4.17103e+09
4.80844e+09
5.54326e+09
6.39037e+09
7.36693e+09
8.49274e+09
9.79058e+09
1.12868e+10
1.30116e+10
1.5e+10
